{"/Users/denny/Desktop/personalProjs/vocalTests/basePage.ts": {"path":"/Users/denny/Desktop/personalProjs/vocalTests/basePage.ts","statementMap":{"0":{"start":{"line":1,"column":0},"end":{"line":1,"column":100}},"1":{"start":{"line":2,"column":21},"end":{"line":2,"column":44}},"2":{"start":{"line":14,"column":8},"end":{"line":15,"column":89}},"3":{"start":{"line":14,"column":38},"end":{"line":14,"column":null}},"4":{"start":{"line":15,"column":13},"end":{"line":15,"column":89}},"5":{"start":{"line":16,"column":8},"end":{"line":16,"column":null}},"6":{"start":{"line":16,"column":35},"end":{"line":16,"column":null}},"7":{"start":{"line":20,"column":8},"end":{"line":22,"column":null}},"8":{"start":{"line":20,"column":17},"end":{"line":20,"column":51}},"9":{"start":{"line":21,"column":13},"end":{"line":22,"column":null}},"10":{"start":{"line":21,"column":27},"end":{"line":21,"column":66}},"11":{"start":{"line":22,"column":13},"end":{"line":22,"column":null}},"12":{"start":{"line":26,"column":8},"end":{"line":26,"column":33}},"13":{"start":{"line":30,"column":8},"end":{"line":30,"column":null}},"14":{"start":{"line":34,"column":8},"end":{"line":34,"column":64}},"15":{"start":{"line":35,"column":22},"end":{"line":35,"column":62}},"16":{"start":{"line":36,"column":8},"end":{"line":36,"column":null}},"17":{"start":{"line":37,"column":8},"end":{"line":37,"column":null}},"18":{"start":{"line":41,"column":8},"end":{"line":41,"column":59}},"19":{"start":{"line":45,"column":20},"end":{"line":45,"column":52}},"20":{"start":{"line":46,"column":8},"end":{"line":46,"column":28}},"21":{"start":{"line":47,"column":8},"end":{"line":47,"column":36}},"22":{"start":{"line":51,"column":8},"end":{"line":51,"column":60}},"23":{"start":{"line":55,"column":32},"end":{"line":55,"column":70}},"24":{"start":{"line":56,"column":8},"end":{"line":56,"column":93}},"25":{"start":{"line":59,"column":8},"end":{"line":59,"column":null}},"26":{"start":{"line":63,"column":8},"end":{"line":63,"column":82}},"27":{"start":{"line":9,"column":0},"end":{"line":9,"column":13}}},"fnMap":{"0":{"name":"(anonymous_7)","decl":{"start":{"line":13,"column":4},"end":{"line":13,"column":16}},"loc":{"start":{"line":13,"column":33},"end":{"line":17,"column":5}}},"1":{"name":"(anonymous_8)","decl":{"start":{"line":19,"column":10},"end":{"line":19,"column":18}},"loc":{"start":{"line":19,"column":31},"end":{"line":23,"column":null}}},"2":{"name":"(anonymous_10)","decl":{"start":{"line":25,"column":10},"end":{"line":25,"column":14}},"loc":{"start":{"line":25,"column":14},"end":{"line":27,"column":null}}},"3":{"name":"(anonymous_12)","decl":{"start":{"line":29,"column":10},"end":{"line":29,"column":15}},"loc":{"start":{"line":29,"column":27},"end":{"line":31,"column":null}}},"4":{"name":"(anonymous_14)","decl":{"start":{"line":33,"column":10},"end":{"line":33,"column":20}},"loc":{"start":{"line":33,"column":34},"end":{"line":38,"column":null}}},"5":{"name":"(anonymous_16)","decl":{"start":{"line":40,"column":10},"end":{"line":40,"column":15}},"loc":{"start":{"line":40,"column":29},"end":{"line":42,"column":null}}},"6":{"name":"(anonymous_18)","decl":{"start":{"line":44,"column":10},"end":{"line":44,"column":18}},"loc":{"start":{"line":44,"column":43},"end":{"line":48,"column":null}}},"7":{"name":"(anonymous_20)","decl":{"start":{"line":50,"column":10},"end":{"line":50,"column":17}},"loc":{"start":{"line":50,"column":31},"end":{"line":52,"column":null}}},"8":{"name":"(anonymous_22)","decl":{"start":{"line":54,"column":10},"end":{"line":54,"column":25}},"loc":{"start":{"line":54,"column":42},"end":{"line":60,"column":null}}},"9":{"name":"(anonymous_24)","decl":{"start":{"line":62,"column":10},"end":{"line":62,"column":22}},"loc":{"start":{"line":62,"column":55},"end":{"line":64,"column":null}}}},"branchMap":{"0":{"loc":{"start":{"line":14,"column":8},"end":{"line":15,"column":89}},"type":"if","locations":[{"start":{"line":14,"column":8},"end":{"line":15,"column":89}},{"start":{"line":15,"column":13},"end":{"line":15,"column":89}}]},"1":{"loc":{"start":{"line":14,"column":11},"end":{"line":14,"column":36}},"type":"binary-expr","locations":[{"start":{"line":14,"column":11},"end":{"line":14,"column":18}},{"start":{"line":14,"column":22},"end":{"line":14,"column":36}}]},"2":{"loc":{"start":{"line":16,"column":8},"end":{"line":16,"column":null}},"type":"if","locations":[{"start":{"line":16,"column":8},"end":{"line":16,"column":null}}]},"3":{"loc":{"start":{"line":16,"column":11},"end":{"line":16,"column":33}},"type":"binary-expr","locations":[{"start":{"line":16,"column":11},"end":{"line":16,"column":18}},{"start":{"line":16,"column":22},"end":{"line":16,"column":33}}]},"4":{"loc":{"start":{"line":20,"column":8},"end":{"line":22,"column":null}},"type":"if","locations":[{"start":{"line":20,"column":8},"end":{"line":22,"column":null}},{"start":{"line":21,"column":13},"end":{"line":22,"column":null}}]},"5":{"loc":{"start":{"line":21,"column":13},"end":{"line":22,"column":null}},"type":"if","locations":[{"start":{"line":21,"column":13},"end":{"line":22,"column":null}},{"start":{"line":22,"column":13},"end":{"line":22,"column":null}}]}},"s":{"0":1,"1":1,"2":1,"3":0,"4":1,"5":1,"6":1,"7":3,"8":0,"9":3,"10":3,"11":0,"12":1,"13":2,"14":28,"15":28,"16":28,"17":28,"18":0,"19":0,"20":0,"21":0,"22":4,"23":1,"24":1,"25":1,"26":0,"27":1},"f":{"0":1,"1":3,"2":1,"3":2,"4":28,"5":0,"6":0,"7":4,"8":1,"9":0},"b":{"0":[0,1],"1":[1,1],"2":[1],"3":[1,1],"4":[0,3],"5":[3,0]}}
,"/Users/denny/Desktop/personalProjs/vocalTests/Models/vocalModel.ts": {"path":"/Users/denny/Desktop/personalProjs/vocalTests/Models/vocalModel.ts","statementMap":{"0":{"start":{"line":1,"column":0},"end":{"line":1,"column":45}},"1":{"start":{"line":2,"column":0},"end":{"line":2,"column":39}},"2":{"start":{"line":7,"column":8},"end":{"line":7,"column":null}},"3":{"start":{"line":11,"column":4},"end":{"line":11,"column":70}},"4":{"start":{"line":12,"column":4},"end":{"line":12,"column":67}},"5":{"start":{"line":13,"column":4},"end":{"line":13,"column":null}},"6":{"start":{"line":14,"column":4},"end":{"line":14,"column":null}},"7":{"start":{"line":15,"column":4},"end":{"line":15,"column":null}},"8":{"start":{"line":16,"column":4},"end":{"line":16,"column":null}},"9":{"start":{"line":17,"column":4},"end":{"line":17,"column":null}},"10":{"start":{"line":18,"column":4},"end":{"line":18,"column":86}},"11":{"start":{"line":19,"column":4},"end":{"line":19,"column":73}},"12":{"start":{"line":20,"column":4},"end":{"line":20,"column":75}},"13":{"start":{"line":21,"column":4},"end":{"line":21,"column":null}},"14":{"start":{"line":22,"column":4},"end":{"line":22,"column":null}},"15":{"start":{"line":23,"column":4},"end":{"line":23,"column":null}},"16":{"start":{"line":24,"column":4},"end":{"line":24,"column":null}},"17":{"start":{"line":25,"column":4},"end":{"line":25,"column":null}},"18":{"start":{"line":26,"column":4},"end":{"line":26,"column":null}},"19":{"start":{"line":30,"column":4},"end":{"line":30,"column":null}},"20":{"start":{"line":31,"column":4},"end":{"line":31,"column":null}},"21":{"start":{"line":32,"column":4},"end":{"line":32,"column":null}},"22":{"start":{"line":33,"column":4},"end":{"line":33,"column":null}},"23":{"start":{"line":34,"column":4},"end":{"line":34,"column":null}},"24":{"start":{"line":40,"column":8},"end":{"line":42,"column":11}},"25":{"start":{"line":40,"column":29},"end":{"line":42,"column":10}},"26":{"start":{"line":41,"column":12},"end":{"line":41,"column":34}},"27":{"start":{"line":43,"column":8},"end":{"line":45,"column":11}},"28":{"start":{"line":43,"column":28},"end":{"line":45,"column":10}},"29":{"start":{"line":44,"column":12},"end":{"line":44,"column":30}},"30":{"start":{"line":49,"column":8},"end":{"line":49,"column":null}},"31":{"start":{"line":50,"column":8},"end":{"line":50,"column":null}},"32":{"start":{"line":51,"column":8},"end":{"line":51,"column":null}},"33":{"start":{"line":52,"column":8},"end":{"line":52,"column":null}},"34":{"start":{"line":53,"column":8},"end":{"line":53,"column":null}},"35":{"start":{"line":54,"column":8},"end":{"line":54,"column":70}},"36":{"start":{"line":58,"column":8},"end":{"line":58,"column":null}},"37":{"start":{"line":59,"column":8},"end":{"line":59,"column":null}},"38":{"start":{"line":63,"column":8},"end":{"line":63,"column":37}},"39":{"start":{"line":64,"column":8},"end":{"line":64,"column":null}},"40":{"start":{"line":66,"column":8},"end":{"line":66,"column":null}},"41":{"start":{"line":67,"column":8},"end":{"line":67,"column":null}},"42":{"start":{"line":68,"column":8},"end":{"line":68,"column":null}},"43":{"start":{"line":69,"column":8},"end":{"line":69,"column":null}},"44":{"start":{"line":73,"column":8},"end":{"line":73,"column":null}},"45":{"start":{"line":74,"column":8},"end":{"line":74,"column":null}},"46":{"start":{"line":75,"column":8},"end":{"line":75,"column":null}},"47":{"start":{"line":76,"column":8},"end":{"line":76,"column":null}},"48":{"start":{"line":77,"column":8},"end":{"line":77,"column":null}},"49":{"start":{"line":78,"column":8},"end":{"line":78,"column":null}},"50":{"start":{"line":79,"column":8},"end":{"line":79,"column":null}},"51":{"start":{"line":80,"column":8},"end":{"line":80,"column":null}},"52":{"start":{"line":84,"column":8},"end":{"line":84,"column":null}},"53":{"start":{"line":85,"column":8},"end":{"line":85,"column":null}},"54":{"start":{"line":89,"column":8},"end":{"line":89,"column":null}},"55":{"start":{"line":90,"column":8},"end":{"line":90,"column":null}},"56":{"start":{"line":91,"column":8},"end":{"line":91,"column":70}},"57":{"start":{"line":92,"column":8},"end":{"line":92,"column":null}},"58":{"start":{"line":93,"column":8},"end":{"line":93,"column":null}},"59":{"start":{"line":94,"column":8},"end":{"line":94,"column":70}},"60":{"start":{"line":95,"column":8},"end":{"line":95,"column":null}},"61":{"start":{"line":96,"column":8},"end":{"line":96,"column":null}},"62":{"start":{"line":97,"column":8},"end":{"line":97,"column":76}},"63":{"start":{"line":103,"column":26},"end":{"line":103,"column":66}},"64":{"start":{"line":104,"column":8},"end":{"line":104,"column":null}},"65":{"start":{"line":107,"column":32},"end":{"line":107,"column":74}},"66":{"start":{"line":108,"column":8},"end":{"line":108,"column":null}},"67":{"start":{"line":5,"column":0},"end":{"line":5,"column":13}}},"fnMap":{"0":{"name":"(anonymous_7)","decl":{"start":{"line":6,"column":4},"end":{"line":6,"column":null}},"loc":{"start":{"line":6,"column":4},"end":{"line":8,"column":5}}},"1":{"name":"(anonymous_8)","decl":{"start":{"line":39,"column":10},"end":{"line":39,"column":31}},"loc":{"start":{"line":39,"column":31},"end":{"line":46,"column":null}}},"2":{"name":"(anonymous_10)","decl":{"start":{"line":40,"column":19},"end":{"line":40,"column":27}},"loc":{"start":{"line":40,"column":29},"end":{"line":42,"column":10}}},"3":{"name":"(anonymous_11)","decl":{"start":{"line":40,"column":29},"end":{"line":40,"column":null}},"loc":{"start":{"line":40,"column":29},"end":{"line":42,"column":9}}},"4":{"name":"(anonymous_12)","decl":{"start":{"line":43,"column":18},"end":{"line":43,"column":26}},"loc":{"start":{"line":43,"column":28},"end":{"line":45,"column":10}}},"5":{"name":"(anonymous_13)","decl":{"start":{"line":43,"column":28},"end":{"line":43,"column":null}},"loc":{"start":{"line":43,"column":28},"end":{"line":45,"column":9}}},"6":{"name":"(anonymous_14)","decl":{"start":{"line":48,"column":10},"end":{"line":48,"column":19}},"loc":{"start":{"line":48,"column":51},"end":{"line":55,"column":null}}},"7":{"name":"(anonymous_16)","decl":{"start":{"line":57,"column":10},"end":{"line":57,"column":20}},"loc":{"start":{"line":57,"column":20},"end":{"line":60,"column":null}}},"8":{"name":"(anonymous_18)","decl":{"start":{"line":62,"column":10},"end":{"line":62,"column":27}},"loc":{"start":{"line":62,"column":27},"end":{"line":70,"column":null}}},"9":{"name":"(anonymous_20)","decl":{"start":{"line":72,"column":10},"end":{"line":72,"column":20}},"loc":{"start":{"line":72,"column":70},"end":{"line":81,"column":null}}},"10":{"name":"(anonymous_22)","decl":{"start":{"line":83,"column":10},"end":{"line":83,"column":25}},"loc":{"start":{"line":83,"column":25},"end":{"line":86,"column":null}}},"11":{"name":"(anonymous_24)","decl":{"start":{"line":88,"column":10},"end":{"line":88,"column":26}},"loc":{"start":{"line":88,"column":47},"end":{"line":98,"column":null}}},"12":{"name":"(anonymous_26)","decl":{"start":{"line":102,"column":10},"end":{"line":102,"column":33}},"loc":{"start":{"line":102,"column":33},"end":{"line":105,"column":null}}},"13":{"name":"(anonymous_28)","decl":{"start":{"line":106,"column":11},"end":{"line":106,"column":33}},"loc":{"start":{"line":106,"column":33},"end":{"line":109,"column":null}}}},"branchMap":{},"s":{"0":1,"1":1,"2":1,"3":1,"4":1,"5":1,"6":1,"7":1,"8":1,"9":1,"10":1,"11":1,"12":1,"13":1,"14":1,"15":1,"16":1,"17":1,"18":1,"19":1,"20":1,"21":1,"22":1,"23":1,"24":1,"25":3,"26":3,"27":1,"28":1,"29":1,"30":2,"31":2,"32":2,"33":2,"34":2,"35":2,"36":1,"37":1,"38":1,"39":1,"40":1,"41":1,"42":1,"43":1,"44":1,"45":1,"46":1,"47":1,"48":1,"49":1,"50":1,"51":1,"52":1,"53":1,"54":0,"55":0,"56":0,"57":0,"58":0,"59":0,"60":0,"61":0,"62":0,"63":2,"64":2,"65":2,"66":2,"67":1},"f":{"0":1,"1":1,"2":3,"3":3,"4":1,"5":1,"6":2,"7":1,"8":1,"9":1,"10":1,"11":0,"12":2,"13":2},"b":{}}
}
