TN:
SF:basePage.ts
FN:13,(anonymous_7)
FN:19,(anonymous_8)
FN:25,(anonymous_10)
FN:29,(anonymous_12)
FN:33,(anonymous_14)
FN:40,(anonymous_16)
FN:44,(anonymous_18)
FN:50,(anonymous_20)
FN:54,(anonymous_22)
FN:62,(anonymous_24)
FNF:10
FNH:7
FNDA:1,(anonymous_7)
FNDA:3,(anonymous_8)
FNDA:1,(anonymous_10)
FNDA:2,(anonymous_12)
FNDA:28,(anonymous_14)
FNDA:0,(anonymous_16)
FNDA:0,(anonymous_18)
FNDA:4,(anonymous_20)
FNDA:1,(anonymous_22)
FNDA:0,(anonymous_24)
DA:1,1
DA:2,1
DA:9,1
DA:14,1
DA:15,1
DA:16,1
DA:20,3
DA:21,3
DA:22,0
DA:26,1
DA:30,2
DA:34,28
DA:35,28
DA:36,28
DA:37,28
DA:41,0
DA:45,0
DA:46,0
DA:47,0
DA:51,4
DA:55,1
DA:56,1
DA:59,1
DA:63,0
LF:24
LH:18
BRDA:14,0,0,0
BRDA:14,0,1,1
BRDA:14,1,0,1
BRDA:14,1,1,1
BRDA:16,2,0,1
BRDA:16,3,0,1
BRDA:16,3,1,1
BRDA:20,4,0,0
BRDA:20,4,1,3
BRDA:21,5,0,3
BRDA:21,5,1,0
BRF:11
BRH:8
end_of_record
TN:
SF:Models/vocalModel.ts
FN:6,(anonymous_7)
FN:39,(anonymous_8)
FN:40,(anonymous_10)
FN:40,(anonymous_11)
FN:43,(anonymous_12)
FN:43,(anonymous_13)
FN:48,(anonymous_14)
FN:57,(anonymous_16)
FN:62,(anonymous_18)
FN:72,(anonymous_20)
FN:83,(anonymous_22)
FN:88,(anonymous_24)
FN:102,(anonymous_26)
FN:106,(anonymous_28)
FNF:14
FNH:13
FNDA:1,(anonymous_7)
FNDA:1,(anonymous_8)
FNDA:3,(anonymous_10)
FNDA:3,(anonymous_11)
FNDA:1,(anonymous_12)
FNDA:1,(anonymous_13)
FNDA:2,(anonymous_14)
FNDA:1,(anonymous_16)
FNDA:1,(anonymous_18)
FNDA:1,(anonymous_20)
FNDA:1,(anonymous_22)
FNDA:0,(anonymous_24)
FNDA:2,(anonymous_26)
FNDA:2,(anonymous_28)
DA:1,1
DA:2,1
DA:5,1
DA:7,1
DA:11,1
DA:12,1
DA:13,1
DA:14,1
DA:15,1
DA:16,1
DA:17,1
DA:18,1
DA:19,1
DA:20,1
DA:21,1
DA:22,1
DA:23,1
DA:24,1
DA:25,1
DA:26,1
DA:30,1
DA:31,1
DA:32,1
DA:33,1
DA:34,1
DA:40,3
DA:41,3
DA:43,1
DA:44,1
DA:49,2
DA:50,2
DA:51,2
DA:52,2
DA:53,2
DA:54,2
DA:58,1
DA:59,1
DA:63,1
DA:64,1
DA:66,1
DA:67,1
DA:68,1
DA:69,1
DA:73,1
DA:74,1
DA:75,1
DA:76,1
DA:77,1
DA:78,1
DA:79,1
DA:80,1
DA:84,1
DA:85,1
DA:89,0
DA:90,0
DA:91,0
DA:92,0
DA:93,0
DA:94,0
DA:95,0
DA:96,0
DA:97,0
DA:103,2
DA:104,2
DA:107,2
DA:108,2
LF:66
LH:57
BRF:0
BRH:0
end_of_record
